#
# A fatal error has been detected by the Java Runtime Environment:
#
#  SIGSEGV (0xb) at pc=0x00007f49a88e20ad, pid=9643, tid=9653
#
# JRE version: OpenJDK Runtime Environment (11.0.8+10) (build 11.0.8+10-post-Ubuntu-0ubuntu120.04)
# Java VM: OpenJDK 64-Bit Server VM (11.0.8+10-post-Ubuntu-0ubuntu120.04, mixed mode, sharing, tiered, compressed oops, g1 gc, linux-amd64)
# Problematic frame:
# C  [libjimage.so+0x30ad]
#
# Core dump will be written. Default location: Core dumps may be processed with "/usr/share/apport/apport %p %s %c %d %P %E" (or dumping to /home/salehin/Desktop/sikuliWithRobot/core.9643)
#
# If you would like to submit a bug report, please visit:
#   https://bugs.launchpad.net/ubuntu/+source/openjdk-lts
#

---------------  S U M M A R Y ------------

Command Line: /home/salehin/.local/lib/python3.8/site-packages/SikuliLibrary/lib/SikuliLibrary.jar 59683 /home/salehin/Desktop/sikuliWithRobot

Host: Intel(R) Core(TM) i7-7700HQ CPU @ 2.80GHz, 8 cores, 15G, Ubuntu 20.04.1 LTS
Time: Sun Sep 27 11:49:34 2020 +06 elapsed time: 7370 seconds (0d 2h 2m 50s)

---------------  T H R E A D  ---------------

Current thread (0x00007f49a023d000):  JavaThread "Signal Dispatcher" daemon [_thread_in_vm, id=9653, stack(0x00007f497c0cd000,0x00007f497c1ce000)]

Stack: [0x00007f497c0cd000,0x00007f497c1ce000],  sp=0x00007f497c1cb1f0,  free space=1016k
Native frames: (J=compiled Java code, A=aot compiled Java code, j=interpreted, Vv=VM code, C=native code)
C  [libjimage.so+0x30ad]
C  [libjimage.so+0x3da2]
C  [libjimage.so+0x42b1]  JIMAGE_FindResource+0xf1
V  [libjvm.so+0x57f201]
V  [libjvm.so+0x5819b1]
V  [libjvm.so+0xcec03d]
V  [libjvm.so+0xceabca]
V  [libjvm.so+0xced18b]
V  [libjvm.so+0x62f46e]
V  [libjvm.so+0x81bac6]
j  jdk.internal.misc.Signal.dispatch(I)V+25 java.base@11.0.8
v  ~StubRoutines::call_stub
V  [libjvm.so+0x824499]
V  [libjvm.so+0x8234b2]
V  [libjvm.so+0xb7e63e]
V  [libjvm.so+0xd22dcf]
V  [libjvm.so+0xd1f430]
V  [libjvm.so+0xb8f706]

Java frames: (J=compiled Java code, j=interpreted, Vv=VM code)
j  jdk.internal.misc.Signal.dispatch(I)V+25 java.base@11.0.8
v  ~StubRoutines::call_stub

siginfo: si_signo: 11 (SIGSEGV), si_code: 1 (SEGV_MAPERR), si_addr: 0x00007f4997914458

Register to memory mapping:

RAX=0x000000000000490f is an unknown value
RBX=0x00007f497c1cb2a1 is pointing into the stack for thread: 0x00007f49a023d000
RCX=0x00007f497c1cb2c3 is pointing into the stack for thread: 0x00007f49a023d000
RDX=0x000000000000490f is an unknown value
RSP=0x00007f497c1cb1f0 is pointing into the stack for thread: 0x00007f49a023d000
RBP=0x00007f497c1cb210 is pointing into the stack for thread: 0x00007f49a023d000
RSI=0x0 is NULL
RDI=0x00007f49a88e7030: <offset 0x0000000000008030> in /usr/lib/jvm/java-11-openjdk-amd64/lib/libjimage.so at 0x00007f49a88df000
R8 =0x00007f499790201c is an unknown value
R9 =0x00007f49a023ee20 points into unknown readable memory: 02 00 00 00 00 00 00 00
R10=0x0000000000000031 is an unknown value
R11=0x0 is NULL
R12=0x00000000000083bc is an unknown value
R13=0x00007f497c1cb2a0 is pointing into the stack for thread: 0x00007f49a023d000
R14=0x0 is NULL
R15=0x00007f49a023dcf0 points into unknown readable memory: 6a 64 6b 2f 69 6e 74 65


Registers:
RAX=0x000000000000490f, RBX=0x00007f497c1cb2a1, RCX=0x00007f497c1cb2c3, RDX=0x000000000000490f
RSP=0x00007f497c1cb1f0, RBP=0x00007f497c1cb210, RSI=0x0000000000000000, RDI=0x00007f49a88e7030
R8 =0x00007f499790201c, R9 =0x00007f49a023ee20, R10=0x0000000000000031, R11=0x0000000000000000
R12=0x00000000000083bc, R13=0x00007f497c1cb2a0, R14=0x0000000000000000, R15=0x00007f49a023dcf0
RIP=0x00007f49a88e20ad, EFLAGS=0x0000000000010246, CSGSFS=0x002b000000000033, ERR=0x0000000000000004
  TRAPNO=0x000000000000000e

Top of Stack: (sp=0x00007f497c1cb1f0)
0x00007f497c1cb1f0:   00000000ffffffe6 00007f497c1cc338
0x00007f497c1cb200:   00007f49a0009680 00007f497c1cb2a0
0x00007f497c1cb210:   00007f497c1cb280 00007f49a88e2da2
0x00007f497c1cb220:   0000000000000000 00007f4974d85f04 

Instructions: (pc=0x00007f49a88e20ad)
0x00007f49a88e1fad:   f3 ff ff 44 03 65 90 e9 3f fe ff ff 0f 1f 80 00
0x00007f49a88e1fbd:   00 00 00 41 8b 10 41 89 55 00 41 8b 54 00 fc 41
0x00007f49a88e1fcd:   89 54 05 fc e9 82 fc ff ff 66 2e 0f 1f 84 00 00
0x00007f49a88e1fdd:   00 00 00 b9 0a 00 00 00 e9 f0 fc ff ff 41 0f b7
0x00007f49a88e1fed:   54 00 fe 66 41 89 54 05 fe e9 5d fc ff ff 0f 1f
0x00007f49a88e1ffd:   44 00 00 f3 0f 1e fa 0f b6 17 89 f0 89 f1 4c 8d
0x00007f49a88e200d:   47 01 84 d2 74 1c 0f 1f 44 00 00 69 c9 93 01 00
0x00007f49a88e201d:   01 49 83 c0 01 31 d1 41 0f b6 50 ff 84 d2 75 eb
0x00007f49a88e202d:   89 c8 25 ff ff ff 7f c3 90 66 2e 0f 1f 84 00 00
0x00007f49a88e203d:   00 00 00 f3 0f 1e fa 48 85 d2 0f 84 da 00 00 00
0x00007f49a88e204d:   55 48 89 e5 41 55 41 54 41 89 cc 53 48 83 ec 08
0x00007f49a88e205d:   85 c9 0f 84 ba 00 00 00 49 89 f5 48 8d 5e 01 0f
0x00007f49a88e206d:   b6 36 49 89 d0 40 84 f6 0f 84 9d 00 00 00 48 89
0x00007f49a88e207d:   d9 b8 93 01 00 01 0f 1f 44 00 00 69 d0 93 01 00
0x00007f49a88e208d:   01 48 83 c1 01 40 0f b6 c6 0f b6 71 ff 31 d0 40
0x00007f49a88e209d:   84 f6 75 e7 25 ff ff ff 7f 31 d2 41 f7 f4 89 d0
0x00007f49a88e20ad:   41 8b 34 80 48 8b 07 ff 50 20 85 c0 7f 15 74 62
0x00007f49a88e20bd:   f7 d0 41 89 c0 48 83 c4 08 44 89 c0 5b 41 5c 41
0x00007f49a88e20cd:   5d 5d c3 41 0f b6 4d 00 89 c6 84 c9 74 1b 0f 1f
0x00007f49a88e20dd:   44 00 00 69 f6 93 01 00 01 48 83 c3 01 31 ce 0f
0x00007f49a88e20ed:   b6 4b ff 84 c9 75 ec 89 f0 25 ff ff ff 7f 31 d2
0x00007f49a88e20fd:   48 83 c4 08 41 f7 f4 5b 41 5c 41 5d 5d 41 89 d0
0x00007f49a88e210d:   44 89 c0 c3 0f 1f 80 00 00 00 00 b8 93 01 00 01
0x00007f49a88e211d:   eb 87 41 b8 ff ff ff ff eb 9b 41 83 c8 ff 44 89
0x00007f49a88e212d:   c0 c3 90 f3 0f 1e fa eb 1d 66 2e 0f 1f 84 00 00
0x00007f49a88e213d:   00 00 00 0f b6 16 84 d2 74 13 38 c2 75 15 48 83
0x00007f49a88e214d:   c7 01 48 83 c6 01 0f b6 07 84 c0 75 e6 48 89 f8
0x00007f49a88e215d:   c3 66 90 31 c0 c3 90 66 66 2e 0f 1f 84 00 00 00
0x00007f49a88e216d:   00 00 90 f3 0f 1e fa 48 85 f6 74 51 0f b6 06 84
0x00007f49a88e217d:   c0 74 4a 0f b6 d0 83 e0 07 c1 fa 03 44 8d 50 01
0x00007f49a88e218d:   0f b6 c0 41 89 d1 4c 8d 44 06 02 48 8d 56 01 31
0x00007f49a88e219d:   c0 66 90 0f b6 0a 48 c1 e0 08 48 83 c2 01 48 09 


Stack slot to memory mapping:
stack at sp + 0 slots: 0x00000000ffffffe6 is an unknown value
stack at sp + 1 slots: 0x00007f497c1cc338 is pointing into the stack for thread: 0x00007f49a023d000
stack at sp + 2 slots: 0x00007f49a0009680 points into unknown readable memory: 00 00 00 00 00 00 00 00
stack at sp + 3 slots: 0x00007f497c1cb2a0 is pointing into the stack for thread: 0x00007f49a023d000
stack at sp + 4 slots: 0x00007f497c1cb280 is pointing into the stack for thread: 0x00007f49a023d000
stack at sp + 5 slots: 0x00007f49a88e2da2: <offset 0x0000000000003da2> in /usr/lib/jvm/java-11-openjdk-amd64/lib/libjimage.so at 0x00007f49a88df000
stack at sp + 6 slots: 0x0 is NULL
stack at sp + 7 slots: 0x00007f4974d85f04 points into unknown readable memory: 03 02 00 00


---------------  P R O C E S S  ---------------

Threads class SMR info:
_java_thread_list=0x00007f4940037350, length=19, elements={
0x00007f49a0234800, 0x00007f49a0236800, 0x00007f49a023d000, 0x00007f49a023f800,
0x00007f49a0241800, 0x00007f49a0243800, 0x00007f49a0272800, 0x00007f49a0277800,
0x00007f49a037e000, 0x00007f49a037f000, 0x00007f49a0387800, 0x00007f49a0388000,
0x00007f49a0389000, 0x00007f49a038a800, 0x00007f49a0390000, 0x00007f49a0391800,
0x00007f49a0015800, 0x00007f4918141800, 0x00007f491816e800
}

Java Threads: ( => current thread )
  0x00007f49a0234800 JavaThread "Reference Handler" daemon [_thread_blocked, id=9651, stack(0x00007f497c2cf000,0x00007f497c3d0000)]
  0x00007f49a0236800 JavaThread "Finalizer" daemon [_thread_blocked, id=9652, stack(0x00007f497c1ce000,0x00007f497c2cf000)]
=>0x00007f49a023d000 JavaThread "Signal Dispatcher" daemon [_thread_in_vm, id=9653, stack(0x00007f497c0cd000,0x00007f497c1ce000)]
  0x00007f49a023f800 JavaThread "C2 CompilerThread0" daemon [_thread_blocked, id=9654, stack(0x00007f4974686000,0x00007f4974787000)]
  0x00007f49a0241800 JavaThread "C1 CompilerThread0" daemon [_thread_blocked, id=9655, stack(0x00007f4974585000,0x00007f4974686000)]
  0x00007f49a0243800 JavaThread "Sweeper thread" daemon [_thread_blocked, id=9656, stack(0x00007f4974484000,0x00007f4974585000)]
  0x00007f49a0272800 JavaThread "Service Thread" daemon [_thread_blocked, id=9657, stack(0x00007f4974383000,0x00007f4974484000)]
  0x00007f49a0277800 JavaThread "Common-Cleaner" daemon [_thread_blocked, id=9659, stack(0x00007f4974180000,0x00007f4974281000)]
  0x00007f49a037e000 JavaThread "qtp391447681-12 Selector0" [_thread_in_native, id=9662, stack(0x00007f493bdfe000,0x00007f493beff000)]
  0x00007f49a037f000 JavaThread "qtp391447681-13 Acceptor1 SelectChannelConnector@0.0.0.0:59683" [_thread_blocked, id=9663, stack(0x00007f493bcfd000,0x00007f493bdfe000)]
  0x00007f49a0387800 JavaThread "qtp391447681-14" [_thread_blocked, id=9664, stack(0x00007f493bbfc000,0x00007f493bcfd000)]
  0x00007f49a0388000 JavaThread "qtp391447681-15" [_thread_blocked, id=9665, stack(0x00007f493bafb000,0x00007f493bbfc000)]
  0x00007f49a0389000 JavaThread "qtp391447681-16 Selector1" [_thread_in_native, id=9666, stack(0x00007f493b9fa000,0x00007f493bafb000)]
  0x00007f49a038a800 JavaThread "qtp391447681-17 Acceptor0 SelectChannelConnector@0.0.0.0:59683" [_thread_in_native, id=9667, stack(0x00007f493b8f9000,0x00007f493b9fa000)]
  0x00007f49a0390000 JavaThread "qtp391447681-18" [_thread_blocked, id=9668, stack(0x00007f493b7f8000,0x00007f493b8f9000)]
  0x00007f49a0391800 JavaThread "qtp391447681-19" [_thread_blocked, id=9669, stack(0x00007f493b6f7000,0x00007f493b7f8000)]
  0x00007f49a0015800 JavaThread "DestroyJavaVM" [_thread_blocked, id=9644, stack(0x00007f49a70d2000,0x00007f49a71d3000)]
  0x00007f4918141800 JavaThread "Java2D Disposer" daemon [_thread_blocked, id=9685, stack(0x00007f493888e000,0x00007f493898f000)]
  0x00007f491816e800 JavaThread "AWT-XAWT" daemon [_thread_in_native, id=9686, stack(0x00007f4938762000,0x00007f4938863000)]

Other Threads:
  0x00007f49a0232000 VMThread "VM Thread" [stack: 0x00007f4988002000,0x00007f4988102000] [id=9650]
  0x00007f49a0275000 WatcherThread [stack: 0x00007f4974283000,0x00007f4974383000] [id=9658]
  0x00007f49a002e000 GCTaskThread "GC Thread#0" [stack: 0x00007f49a6d85000,0x00007f49a6e85000] [id=9645]
  0x00007f4968001000 GCTaskThread "GC Thread#1" [stack: 0x00007f493b18b000,0x00007f493b28b000] [id=9672]
  0x00007f4968002800 GCTaskThread "GC Thread#2" [stack: 0x00007f493b089000,0x00007f493b189000] [id=9673]
  0x00007f4968004000 GCTaskThread "GC Thread#3" [stack: 0x00007f493af87000,0x00007f493b087000] [id=9674]
  0x00007f4968006000 GCTaskThread "GC Thread#4" [stack: 0x00007f493ae85000,0x00007f493af85000] [id=9675]
  0x00007f4968007800 GCTaskThread "GC Thread#5" [stack: 0x00007f493ad83000,0x00007f493ae83000] [id=9676]
  0x00007f4968009800 GCTaskThread "GC Thread#6" [stack: 0x00007f493ac81000,0x00007f493ad81000] [id=9677]
  0x00007f496800b000 GCTaskThread "GC Thread#7" [stack: 0x00007f493ab7f000,0x00007f493ac7f000] [id=9678]
  0x00007f49a008b800 ConcurrentGCThread "G1 Main Marker" [stack: 0x00007f49a4c31000,0x00007f49a4d31000] [id=9646]
  0x00007f49a008d800 ConcurrentGCThread "G1 Conc#0" [stack: 0x00007f49a4b2f000,0x00007f49a4c2f000] [id=9647]
  0x00007f49a018d000 ConcurrentGCThread "G1 Refine#0" [stack: 0x00007f49a4225000,0x00007f49a4325000] [id=9648]
  0x00007f49a018f000 ConcurrentGCThread "G1 Young RemSet Sampling" [stack: 0x00007f49a4123000,0x00007f49a4223000] [id=9649]

Threads with active compile tasks:

VM state:not at safepoint (normal execution)

VM Mutex/Monitor currently owned by a thread: None

Heap address: 0x0000000707a00000, size: 3974 MB, Compressed Oops mode: Zero based, Oop shift amount: 3
Narrow klass base: 0x0000000800000000, Narrow klass shift: 3
Compressed class space size: 1073741824 Address: 0x0000000840000000

Heap:
 garbage-first heap   total 258048K, used 46853K [0x0000000707a00000, 0x0000000800000000)
  region size 1024K, 38 young (38912K), 3 survivors (3072K)
 Metaspace       used 11588K, capacity 11938K, committed 12160K, reserved 1060864K
  class space    used 1171K, capacity 1299K, committed 1408K, reserved 1048576K
Heap Regions: E=young(eden), S=young(survivor), O=old, HS=humongous(starts), HC=humongous(continues), CS=collection set, F=free, A=archive, TAMS=top-at-mark-start (previous, next)
|   0|0x0000000707a00000, 0x0000000707a00000, 0x0000000707b00000|  0%| F|  |TAMS 0x0000000707a00000, 0x0000000707a00000| Untracked 
|   1|0x0000000707b00000, 0x0000000707c00000, 0x0000000707c00000|100%|HS|  |TAMS 0x0000000707b00000, 0x0000000707b00000| Complete 
|   2|0x0000000707c00000, 0x0000000707d00000, 0x0000000707d00000|100%|HS|  |TAMS 0x0000000707c00000, 0x0000000707c00000| Complete 
|   3|0x0000000707d00000, 0x0000000707e00000, 0x0000000707e00000|100%|HC|  |TAMS 0x0000000707d00000, 0x0000000707d00000| Complete 
|   4|0x0000000707e00000, 0x0000000707f00000, 0x0000000707f00000|100%|HC|  |TAMS 0x0000000707e00000, 0x0000000707e00000| Complete 
|   5|0x0000000707f00000, 0x0000000708000000, 0x0000000708000000|100%|HC|  |TAMS 0x0000000707f00000, 0x0000000707f00000| Complete 
|   6|0x0000000708000000, 0x0000000708100000, 0x0000000708100000|100%|HC|  |TAMS 0x0000000708000000, 0x0000000708000000| Complete 
|   7|0x0000000708100000, 0x0000000708200000, 0x0000000708200000|100%|HC|  |TAMS 0x0000000708100000, 0x0000000708100000| Complete 
|   8|0x0000000708200000, 0x0000000708300000, 0x0000000708300000|100%|HC|  |TAMS 0x0000000708200000, 0x0000000708200000| Complete 
|   9|0x0000000708300000, 0x0000000708400000, 0x0000000708400000|100%|HC|  |TAMS 0x0000000708300000, 0x0000000708300000| Complete 
|  10|0x0000000708400000, 0x0000000708400000, 0x0000000708500000|  0%| F|  |TAMS 0x0000000708400000, 0x0000000708400000| Untracked 
|  11|0x0000000708500000, 0x0000000708500000, 0x0000000708600000|  0%| F|  |TAMS 0x0000000708500000, 0x0000000708500000| Untracked 
|  12|0x0000000708600000, 0x0000000708600000, 0x0000000708700000|  0%| F|  |TAMS 0x0000000708600000, 0x0000000708600000| Untracked 
|  13|0x0000000708700000, 0x0000000708700000, 0x0000000708800000|  0%| F|  |TAMS 0x0000000708700000, 0x0000000708700000| Untracked 
|  14|0x0000000708800000, 0x0000000708800000, 0x0000000708900000|  0%| F|  |TAMS 0x0000000708800000, 0x0000000708800000| Untracked 
|  15|0x0000000708900000, 0x0000000708900000, 0x0000000708a00000|  0%| F|  |TAMS 0x0000000708900000, 0x0000000708900000| Untracked 
|  16|0x0000000708a00000, 0x0000000708a00000, 0x0000000708b00000|  0%| F|  |TAMS 0x0000000708a00000, 0x0000000708a00000| Untracked 
|  17|0x0000000708b00000, 0x0000000708b00000, 0x0000000708c00000|  0%| F|  |TAMS 0x0000000708b00000, 0x0000000708b00000| Untracked 
|  18|0x0000000708c00000, 0x0000000708c00000, 0x0000000708d00000|  0%| F|  |TAMS 0x0000000708c00000, 0x0000000708c00000| Untracked 
|  19|0x0000000708d00000, 0x0000000708d00000, 0x0000000708e00000|  0%| F|  |TAMS 0x0000000708d00000, 0x0000000708d00000| Untracked 
|  20|0x0000000708e00000, 0x0000000708e00000, 0x0000000708f00000|  0%| F|  |TAMS 0x0000000708e00000, 0x0000000708e00000| Untracked 
|  21|0x0000000708f00000, 0x0000000708f00000, 0x0000000709000000|  0%| F|  |TAMS 0x0000000708f00000, 0x0000000708f00000| Untracked 
|  22|0x0000000709000000, 0x0000000709000000, 0x0000000709100000|  0%| F|  |TAMS 0x0000000709000000, 0x0000000709000000| Untracked 
|  23|0x0000000709100000, 0x0000000709100000, 0x0000000709200000|  0%| F|  |TAMS 0x0000000709100000, 0x0000000709100000| Untracked 
|  24|0x0000000709200000, 0x0000000709200000, 0x0000000709300000|  0%| F|  |TAMS 0x0000000709200000, 0x0000000709200000| Untracked 
|  25|0x0000000709300000, 0x0000000709300000, 0x0000000709400000|  0%| F|  |TAMS 0x0000000709300000, 0x0000000709300000| Untracked 
|  26|0x0000000709400000, 0x0000000709400000, 0x0000000709500000|  0%| F|  |TAMS 0x0000000709400000, 0x0000000709400000| Untracked 
|  27|0x0000000709500000, 0x0000000709500000, 0x0000000709600000|  0%| F|  |TAMS 0x0000000709500000, 0x0000000709500000| Untracked 
|  28|0x0000000709600000, 0x0000000709600000, 0x0000000709700000|  0%| F|  |TAMS 0x0000000709600000, 0x0000000709600000| Untracked 
|  29|0x0000000709700000, 0x0000000709700000, 0x0000000709800000|  0%| F|  |TAMS 0x0000000709700000, 0x0000000709700000| Untracked 
|  30|0x0000000709800000, 0x0000000709800000, 0x0000000709900000|  0%| F|  |TAMS 0x0000000709800000, 0x0000000709800000| Untracked 
|  31|0x0000000709900000, 0x0000000709900000, 0x0000000709a00000|  0%| F|  |TAMS 0x0000000709900000, 0x0000000709900000| Untracked 
|  32|0x0000000709a00000, 0x0000000709a00000, 0x0000000709b00000|  0%| F|  |TAMS 0x0000000709a00000, 0x0000000709a00000| Untracked 
|  33|0x0000000709b00000, 0x0000000709b00000, 0x0000000709c00000|  0%| F|  |TAMS 0x0000000709b00000, 0x0000000709b00000| Untracked 
|  34|0x0000000709c00000, 0x0000000709c00000, 0x0000000709d00000|  0%| F|  |TAMS 0x0000000709c00000, 0x0000000709c00000| Untracked 
|  35|0x0000000709d00000, 0x0000000709d00000, 0x0000000709e00000|  0%| F|  |TAMS 0x0000000709d00000, 0x0000000709d00000| Untracked 
|  36|0x0000000709e00000, 0x0000000709e00000, 0x0000000709f00000|  0%| F|  |TAMS 0x0000000709e00000, 0x0000000709e00000| Untracked 
|  37|0x0000000709f00000, 0x0000000709f00000, 0x000000070a000000|  0%| F|  |TAMS 0x0000000709f00000, 0x0000000709f00000| Untracked 
|  38|0x000000070a000000, 0x000000070a000000, 0x000000070a100000|  0%| F|  |TAMS 0x000000070a000000, 0x000000070a000000| Untracked 
|  39|0x000000070a100000, 0x000000070a100000, 0x000000070a200000|  0%| F|  |TAMS 0x000000070a100000, 0x000000070a100000| Untracked 
|  40|0x000000070a200000, 0x000000070a200000, 0x000000070a300000|  0%| F|  |TAMS 0x000000070a200000, 0x000000070a200000| Untracked 
|  41|0x000000070a300000, 0x000000070a300000, 0x000000070a400000|  0%| F|  |TAMS 0x000000070a300000, 0x000000070a300000| Untracked 
|  42|0x000000070a400000, 0x000000070a400000, 0x000000070a500000|  0%| F|  |TAMS 0x000000070a400000, 0x000000070a400000| Untracked 
|  43|0x000000070a500000, 0x000000070a500000, 0x000000070a600000|  0%| F|  |TAMS 0x000000070a500000, 0x000000070a500000| Untracked 
|  44|0x000000070a600000, 0x000000070a600000, 0x000000070a700000|  0%| F|  |TAMS 0x000000070a600000, 0x000000070a600000| Untracked 
|  45|0x000000070a700000, 0x000000070a700000, 0x000000070a800000|  0%| F|  |TAMS 0x000000070a700000, 0x000000070a700000| Untracked 
|  46|0x000000070a800000, 0x000000070a800000, 0x000000070a900000|  0%| F|  |TAMS 0x000000070a800000, 0x000000070a800000| Untracked 
|  47|0x000000070a900000, 0x000000070a900000, 0x000000070aa00000|  0%| F|  |TAMS 0x000000070a900000, 0x000000070a900000| Untracked 
|  48|0x000000070aa00000, 0x000000070aa00000, 0x000000070ab00000|  0%| F|  |TAMS 0x000000070aa00000, 0x000000070aa00000| Untracked 
|  49|0x000000070ab00000, 0x000000070ab00000, 0x000000070ac00000|  0%| F|  |TAMS 0x000000070ab00000, 0x000000070ab00000| Untracked 
|  50|0x000000070ac00000, 0x000000070ac00000, 0x000000070ad00000|  0%| F|  |TAMS 0x000000070ac00000, 0x000000070ac00000| Untracked 
|  51|0x000000070ad00000, 0x000000070ad00000, 0x000000070ae00000|  0%| F|  |TAMS 0x000000070ad00000, 0x000000070ad00000| Untracked 
|  52|0x000000070ae00000, 0x000000070ae00000, 0x000000070af00000|  0%| F|  |TAMS 0x000000070ae00000, 0x000000070ae00000| Untracked 
|  53|0x000000070af00000, 0x000000070af00000, 0x000000070b000000|  0%| F|  |TAMS 0x000000070af00000, 0x000000070af00000| Untracked 
|  54|0x000000070b000000, 0x000000070b000000, 0x000000070b100000|  0%| F|  |TAMS 0x000000070b000000, 0x000000070b000000| Untracked 
|  55|0x000000070b100000, 0x000000070b100000, 0x000000070b200000|  0%| F|  |TAMS 0x000000070b100000, 0x000000070b100000| Untracked 
|  56|0x000000070b200000, 0x000000070b200000, 0x000000070b300000|  0%| F|  |TAMS 0x000000070b200000, 0x000000070b200000| Untracked 
|  57|0x000000070b300000, 0x000000070b300000, 0x000000070b400000|  0%| F|  |TAMS 0x000000070b300000, 0x000000070b300000| Untracked 
|  58|0x000000070b400000, 0x000000070b400000, 0x000000070b500000|  0%| F|  |TAMS 0x000000070b400000, 0x000000070b400000| Untracked 
|  59|0x000000070b500000, 0x000000070b500000, 0x000000070b600000|  0%| F|  |TAMS 0x000000070b500000, 0x000000070b500000| Untracked 
|  60|0x000000070b600000, 0x000000070b600000, 0x000000070b700000|  0%| F|  |TAMS 0x000000070b600000, 0x000000070b600000| Untracked 
|  61|0x000000070b700000, 0x000000070b700000, 0x000000070b800000|  0%| F|  |TAMS 0x000000070b700000, 0x000000070b700000| Untracked 
|  62|0x000000070b800000, 0x000000070b800000, 0x000000070b900000|  0%| F|  |TAMS 0x000000070b800000, 0x000000070b800000| Untracked 
|  63|0x000000070b900000, 0x000000070b900000, 0x000000070ba00000|  0%| F|  |TAMS 0x000000070b900000, 0x000000070b900000| Untracked 
|  64|0x000000070ba00000, 0x000000070ba00000, 0x000000070bb00000|  0%| F|  |TAMS 0x000000070ba00000, 0x000000070ba00000| Untracked 
|  65|0x000000070bb00000, 0x000000070bb00000, 0x000000070bc00000|  0%| F|  |TAMS 0x000000070bb00000, 0x000000070bb00000| Untracked 
|  66|0x000000070bc00000, 0x000000070bc00000, 0x000000070bd00000|  0%| F|  |TAMS 0x000000070bc00000, 0x000000070bc00000| Untracked 
|  67|0x000000070bd00000, 0x000000070bd00000, 0x000000070be00000|  0%| F|  |TAMS 0x000000070bd00000, 0x000000070bd00000| Untracked 
|  68|0x000000070be00000, 0x000000070be00000, 0x000000070bf00000|  0%| F|  |TAMS 0x000000070be00000, 0x000000070be00000| Untracked 
|  69|0x000000070bf00000, 0x000000070bf00000, 0x000000070c000000|  0%| F|  |TAMS 0x000000070bf00000, 0x000000070bf00000| Untracked 
|  70|0x000000070c000000, 0x000000070c000000, 0x000000070c100000|  0%| F|  |TAMS 0x000000070c000000, 0x000000070c000000| Untracked 
|  71|0x000000070c100000, 0x000000070c100000, 0x000000070c200000|  0%| F|  |TAMS 0x000000070c100000, 0x000000070c100000| Untracked 
|  72|0x000000070c200000, 0x000000070c200000, 0x000000070c300000|  0%| F|  |TAMS 0x000000070c200000, 0x000000070c200000| Untracked 
|  73|0x000000070c300000, 0x000000070c300000, 0x000000070c400000|  0%| F|  |TAMS 0x000000070c300000, 0x000000070c300000| Untracked 
|  74|0x000000070c400000, 0x000000070c400000, 0x000000070c500000|  0%| F|  |TAMS 0x000000070c400000, 0x000000070c400000| Untracked 
|  75|0x000000070c500000, 0x000000070c500000, 0x000000070c600000|  0%| F|  |TAMS 0x000000070c500000, 0x000000070c500000| Untracked 
|  76|0x000000070c600000, 0x000000070c600000, 0x000000070c700000|  0%| F|  |TAMS 0x000000070c600000, 0x000000070c600000| Untracked 
|  77|0x000000070c700000, 0x000000070c700000, 0x000000070c800000|  0%| F|  |TAMS 0x000000070c700000, 0x000000070c700000| Untracked 
|  78|0x000000070c800000, 0x000000070c800000, 0x000000070c900000|  0%| F|  |TAMS 0x000000070c800000, 0x000000070c800000| Untracked 
|  79|0x000000070c900000, 0x000000070c900000, 0x000000070ca00000|  0%| F|  |TAMS 0x000000070c900000, 0x000000070c900000| Untracked 
|  80|0x000000070ca00000, 0x000000070ca00000, 0x000000070cb00000|  0%| F|  |TAMS 0x000000070ca00000, 0x000000070ca00000| Untracked 
|  81|0x000000070cb00000, 0x000000070cb00000, 0x000000070cc00000|  0%| F|  |TAMS 0x000000070cb00000, 0x000000070cb00000| Untracked 
|  82|0x000000070cc00000, 0x000000070cc00000, 0x000000070cd00000|  0%| F|  |TAMS 0x000000070cc00000, 0x000000070cc00000| Untracked 
|  83|0x000000070cd00000, 0x000000070cd00000, 0x000000070ce00000|  0%| F|  |TAMS 0x000000070cd00000, 0x000000070cd00000| Untracked 
|  84|0x000000070ce00000, 0x000000070ce00000, 0x000000070cf00000|  0%| F|  |TAMS 0x000000070ce00000, 0x000000070ce00000| Untracked 
|  85|0x000000070cf00000, 0x000000070cf00000, 0x000000070d000000|  0%| F|  |TAMS 0x000000070cf00000, 0x000000070cf00000| Untracked 
|  86|0x000000070d000000, 0x000000070d000000, 0x000000070d100000|  0%| F|  |TAMS 0x000000070d000000, 0x000000070d000000| Untracked 
|  87|0x000000070d100000, 0x000000070d100000, 0x000000070d200000|  0%| F|  |TAMS 0x000000070d100000, 0x000000070d100000| Untracked 
|  88|0x000000070d200000, 0x000000070d200000, 0x000000070d300000|  0%| F|  |TAMS 0x000000070d200000, 0x000000070d200000| Untracked 
|  89|0x000000070d300000, 0x000000070d300000, 0x000000070d400000|  0%| F|  |TAMS 0x000000070d300000, 0x000000070d300000| Untracked 
|  90|0x000000070d400000, 0x000000070d400000, 0x000000070d500000|  0%| F|  |TAMS 0x000000070d400000, 0x000000070d400000| Untracked 
|  91|0x000000070d500000, 0x000000070d500000, 0x000000070d600000|  0%| F|  |TAMS 0x000000070d500000, 0x000000070d500000| Untracked 
|  92|0x000000070d600000, 0x000000070d600000, 0x000000070d700000|  0%| F|  |TAMS 0x000000070d600000, 0x000000070d600000| Untracked 
|  93|0x000000070d700000, 0x000000070d700000, 0x000000070d800000|  0%| F|  |TAMS 0x000000070d700000, 0x000000070d700000| Untracked 
|  94|0x000000070d800000, 0x000000070d800000, 0x000000070d900000|  0%| F|  |TAMS 0x000000070d800000, 0x000000070d800000| Untracked 
|  95|0x000000070d900000, 0x000000070d900000, 0x000000070da00000|  0%| F|  |TAMS 0x000000070d900000, 0x000000070d900000| Untracked 
|  96|0x000000070da00000, 0x000000070da00000, 0x000000070db00000|  0%| F|  |TAMS 0x000000070da00000, 0x000000070da00000| Untracked 
|  97|0x000000070db00000, 0x000000070db00000, 0x000000070dc00000|  0%| F|  |TAMS 0x000000070db00000, 0x000000070db00000| Untracked 
|  98|0x000000070dc00000, 0x000000070dc00000, 0x000000070dd00000|  0%| F|  |TAMS 0x000000070dc00000, 0x000000070dc00000| Untracked 
|  99|0x000000070dd00000, 0x000000070dd00000, 0x000000070de00000|  0%| F|  |TAMS 0x000000070dd00000, 0x000000070dd00000| Untracked 
| 100|0x000000070de00000, 0x000000070de00000, 0x000000070df00000|  0%| F|  |TAMS 0x000000070de00000, 0x000000070de00000| Untracked 
| 101|0x000000070df00000, 0x000000070df00000, 0x000000070e000000|  0%| F|  |TAMS 0x000000070df00000, 0x000000070df00000| Untracked 
| 102|0x000000070e000000, 0x000000070e000000, 0x000000070e100000|  0%| F|  |TAMS 0x000000070e000000, 0x000000070e000000| Untracked 
| 103|0x000000070e100000, 0x000000070e100000, 0x000000070e200000|  0%| F|  |TAMS 0x000000070e100000, 0x000000070e100000| Untracked 
| 104|0x000000070e200000, 0x000000070e200000, 0x000000070e300000|  0%| F|  |TAMS 0x000000070e200000, 0x000000070e200000| Untracked 
| 105|0x000000070e300000, 0x000000070e300000, 0x000000070e400000|  0%| F|  |TAMS 0x000000070e300000, 0x000000070e300000| Untracked 
| 106|0x000000070e400000, 0x000000070e400000, 0x000000070e500000|  0%| F|  |TAMS 0x000000070e400000, 0x000000070e400000| Untracked 
| 107|0x000000070e500000, 0x000000070e500000, 0x000000070e600000|  0%| F|  |TAMS 0x000000070e500000, 0x000000070e500000| Untracked 
| 108|0x000000070e600000, 0x000000070e600000, 0x000000070e700000|  0%| F|  |TAMS 0x000000070e600000, 0x000000070e600000| Untracked 
| 109|0x000000070e700000, 0x000000070e700000, 0x000000070e800000|  0%| F|  |TAMS 0x000000070e700000, 0x000000070e700000| Untracked 
| 110|0x000000070e800000, 0x000000070e800000, 0x000000070e900000|  0%| F|  |TAMS 0x000000070e800000, 0x000000070e800000| Untracked 
| 111|0x000000070e900000, 0x000000070e900000, 0x000000070ea00000|  0%| F|  |TAMS 0x000000070e900000, 0x000000070e900000| Untracked 
| 112|0x000000070ea00000, 0x000000070ea00000, 0x000000070eb00000|  0%| F|  |TAMS 0x000000070ea00000, 0x000000070ea00000| Untracked 
| 113|0x000000070eb00000, 0x000000070eb00000, 0x000000070ec00000|  0%| F|  |TAMS 0x000000070eb00000, 0x000000070eb00000| Untracked 
| 114|0x000000070ec00000, 0x000000070ec00000, 0x000000070ed00000|  0%| F|  |TAMS 0x000000070ec00000, 0x000000070ec00000| Untracked 
| 115|0x000000070ed00000, 0x000000070ed00000, 0x000000070ee00000|  0%| F|  |TAMS 0x000000070ed00000, 0x000000070ed00000| Untracked 
| 116|0x000000070ee00000, 0x000000070ee00000, 0x000000070ef00000|  0%| F|  |TAMS 0x000000070ee00000, 0x000000070ee00000| Untracked 
| 117|0x000000070ef00000, 0x000000070ef00000, 0x000000070f000000|  0%| F|  |TAMS 0x000000070ef00000, 0x000000070ef00000| Untracked 
| 118|0x000000070f000000, 0x000000070f000000, 0x000000070f100000|  0%| F|  |TAMS 0x000000070f000000, 0x000000070f000000| Untracked 
| 119|0x000000070f100000, 0x000000070f100000, 0x000000070f200000|  0%| F|  |TAMS 0x000000070f100000, 0x000000070f100000| Untracked 
| 120|0x000000070f200000, 0x000000070f200000, 0x000000070f300000|  0%| F|  |TAMS 0x000000070f200000, 0x000000070f200000| Untracked 
| 121|0x000000070f300000, 0x000000070f300000, 0x000000070f400000|  0%| F|  |TAMS 0x000000070f300000, 0x000000070f300000| Untracked 
| 122|0x000000070f400000, 0x000000070f400000, 0x000000070f500000|  0%| F|  |TAMS 0x000000070f400000, 0x000000070f400000| Untracked 
| 123|0x000000070f500000, 0x000000070f500000, 0x000000070f600000|  0%| F|  |TAMS 0x000000070f500000, 0x000000070f500000| Untracked 
| 124|0x000000070f600000, 0x000000070f600000, 0x000000070f700000|  0%| F|  |TAMS 0x000000070f600000, 0x000000070f600000| Untracked 
| 125|0x000000070f700000, 0x000000070f700000, 0x000000070f800000|  0%| F|  |TAMS 0x000000070f700000, 0x000000070f700000| Untracked 
| 126|0x000000070f800000, 0x000000070f800000, 0x000000070f900000|  0%| F|  |TAMS 0x000000070f800000, 0x000000070f800000| Untracked 
| 127|0x000000070f900000, 0x000000070f900000, 0x000000070fa00000|  0%| F|  |TAMS 0x000000070f900000, 0x000000070f900000| Untracked 
| 128|0x000000070fa00000, 0x000000070fa00000, 0x000000070fb00000|  0%| F|  |TAMS 0x000000070fa00000, 0x000000070fa00000| Untracked 
| 129|0x000000070fb00000, 0x000000070fb00000, 0x000000070fc00000|  0%| F|  |TAMS 0x000000070fb00000, 0x000000070fb00000| Untracked 
| 130|0x000000070fc00000, 0x000000070fc00000, 0x000000070fd00000|  0%| F|  |TAMS 0x000000070fc00000, 0x000000070fc00000| Untracked 
| 131|0x000000070fd00000, 0x000000070fd00000, 0x000000070fe00000|  0%| F|  |TAMS 0x000000070fd00000, 0x000000070fd00000| Untracked 
| 132|0x000000070fe00000, 0x000000070fe00000, 0x000000070ff00000|  0%| F|  |TAMS 0x000000070fe00000, 0x000000070fe00000| Untracked 
| 133|0x000000070ff00000, 0x000000070ff00000, 0x0000000710000000|  0%| F|  |TAMS 0x000000070ff00000, 0x000000070ff00000| Untracked 
| 134|0x0000000710000000, 0x0000000710000000, 0x0000000710100000|  0%| F|  |TAMS 0x0000000710000000, 0x0000000710000000| Untracked 
| 135|0x0000000710100000, 0x0000000710100000, 0x0000000710200000|  0%| F|  |TAMS 0x0000000710100000, 0x0000000710100000| Untracked 
| 136|0x0000000710200000, 0x0000000710200000, 0x0000000710300000|  0%| F|  |TAMS 0x0000000710200000, 0x0000000710200000| Untracked 
| 137|0x0000000710300000, 0x0000000710300000, 0x0000000710400000|  0%| F|  |TAMS 0x0000000710300000, 0x0000000710300000| Untracked 
| 138|0x0000000710400000, 0x0000000710400000, 0x0000000710500000|  0%| F|  |TAMS 0x0000000710400000, 0x0000000710400000| Untracked 
| 139|0x0000000710500000, 0x0000000710500000, 0x0000000710600000|  0%| F|  |TAMS 0x0000000710500000, 0x0000000710500000| Untracked 
| 140|0x0000000710600000, 0x0000000710600000, 0x0000000710700000|  0%| F|  |TAMS 0x0000000710600000, 0x0000000710600000| Untracked 
| 141|0x0000000710700000, 0x0000000710700000, 0x0000000710800000|  0%| F|  |TAMS 0x0000000710700000, 0x0000000710700000| Untracked 
| 142|0x0000000710800000, 0x0000000710800000, 0x0000000710900000|  0%| F|  |TAMS 0x0000000710800000, 0x0000000710800000| Untracked 
| 143|0x0000000710900000, 0x0000000710900000, 0x0000000710a00000|  0%| F|  |TAMS 0x0000000710900000, 0x0000000710900000| Untracked 
| 144|0x0000000710a00000, 0x0000000710a00000, 0x0000000710b00000|  0%| F|  |TAMS 0x0000000710a00000, 0x0000000710a00000| Untracked 
| 145|0x0000000710b00000, 0x0000000710b00000, 0x0000000710c00000|  0%| F|  |TAMS 0x0000000710b00000, 0x0000000710b00000| Untracked 
| 146|0x0000000710c00000, 0x0000000710c00000, 0x0000000710d00000|  0%| F|  |TAMS 0x0000000710c00000, 0x0000000710c00000| Untracked 
| 147|0x0000000710d00000, 0x0000000710d00000, 0x0000000710e00000|  0%| F|  |TAMS 0x0000000710d00000, 0x0000000710d00000| Untracked 
| 148|0x0000000710e00000, 0x0000000710e00000, 0x0000000710f00000|  0%| F|  |TAMS 0x0000000710e00000, 0x0000000710e00000| Untracked 
| 149|0x0000000710f00000, 0x0000000710f00000, 0x0000000711000000|  0%| F|  |TAMS 0x0000000710f00000, 0x0000000710f00000| Untracked 
| 150|0x0000000711000000, 0x0000000711000000, 0x0000000711100000|  0%| F|  |TAMS 0x0000000711000000, 0x0000000711000000| Untracked 
| 151|0x0000000711100000, 0x0000000711100000, 0x0000000711200000|  0%| F|  |TAMS 0x0000000711100000, 0x0000000711100000| Untracked 
| 152|0x0000000711200000, 0x0000000711200000, 0x0000000711300000|  0%| F|  |TAMS 0x0000000711200000, 0x0000000711200000| Untracked 
| 153|0x0000000711300000, 0x0000000711300000, 0x0000000711400000|  0%| F|  |TAMS 0x0000000711300000, 0x0000000711300000| Untracked 
| 154|0x0000000711400000, 0x0000000711400000, 0x0000000711500000|  0%| F|  |TAMS 0x0000000711400000, 0x0000000711400000| Untracked 
| 155|0x0000000711500000, 0x0000000711500000, 0x0000000711600000|  0%| F|  |TAMS 0x0000000711500000, 0x0000000711500000| Untracked 
| 156|0x0000000711600000, 0x0000000711600000, 0x0000000711700000|  0%| F|  |TAMS 0x0000000711600000, 0x0000000711600000| Untracked 
| 157|0x0000000711700000, 0x0000000711700000, 0x0000000711800000|  0%| F|  |TAMS 0x0000000711700000, 0x0000000711700000| Untracked 
| 158|0x0000000711800000, 0x0000000711800000, 0x0000000711900000|  0%| F|  |TAMS 0x0000000711800000, 0x0000000711800000| Untracked 
| 159|0x0000000711900000, 0x0000000711900000, 0x0000000711a00000|  0%| F|  |TAMS 0x0000000711900000, 0x0000000711900000| Untracked 
| 160|0x0000000711a00000, 0x0000000711a00000, 0x0000000711b00000|  0%| F|  |TAMS 0x0000000711a00000, 0x0000000711a00000| Untracked 
| 161|0x0000000711b00000, 0x0000000711b00000, 0x0000000711c00000|  0%| F|  |TAMS 0x0000000711b00000, 0x0000000711b00000| Untracked 
| 162|0x0000000711c00000, 0x0000000711c00000, 0x0000000711d00000|  0%| F|  |TAMS 0x0000000711c00000, 0x0000000711c00000| Untracked 
| 163|0x0000000711d00000, 0x0000000711d00000, 0x0000000711e00000|  0%| F|  |TAMS 0x0000000711d00000, 0x0000000711d00000| Untracked 
| 164|0x0000000711e00000, 0x0000000711e00000, 0x0000000711f00000|  0%| F|  |TAMS 0x0000000711e00000, 0x0000000711e00000| Untracked 
| 165|0x0000000711f00000, 0x0000000711f00000, 0x0000000712000000|  0%| F|  |TAMS 0x0000000711f00000, 0x0000000711f00000| Untracked 
| 166|0x0000000712000000, 0x0000000712000000, 0x0000000712100000|  0%| F|  |TAMS 0x0000000712000000, 0x0000000712000000| Untracked 
| 167|0x0000000712100000, 0x0000000712100000, 0x0000000712200000|  0%| F|  |TAMS 0x0000000712100000, 0x0000000712100000| Untracked 
| 168|0x0000000712200000, 0x0000000712200000, 0x0000000712300000|  0%| F|  |TAMS 0x0000000712200000, 0x0000000712200000| Untracked 
| 169|0x0000000712300000, 0x0000000712300000, 0x0000000712400000|  0%| F|  |TAMS 0x0000000712300000, 0x0000000712300000| Untracked 
| 170|0x0000000712400000, 0x0000000712400000, 0x0000000712500000|  0%| F|  |TAMS 0x0000000712400000, 0x0000000712400000| Untracked 
| 171|0x0000000712500000, 0x0000000712500000, 0x0000000712600000|  0%| F|  |TAMS 0x0000000712500000, 0x0000000712500000| Untracked 
| 172|0x0000000712600000, 0x0000000712600000, 0x0000000712700000|  0%| F|  |TAMS 0x0000000712600000, 0x0000000712600000| Untracked 
| 173|0x0000000712700000, 0x0000000712700000, 0x0000000712800000|  0%| F|  |TAMS 0x0000000712700000, 0x0000000712700000| Untracked 
| 174|0x0000000712800000, 0x0000000712800000, 0x0000000712900000|  0%| F|  |TAMS 0x0000000712800000, 0x0000000712800000| Untracked 
| 175|0x0000000712900000, 0x0000000712900000, 0x0000000712a00000|  0%| F|  |TAMS 0x0000000712900000, 0x0000000712900000| Untracked 
| 176|0x0000000712a00000, 0x0000000712a00000, 0x0000000712b00000|  0%| F|  |TAMS 0x0000000712a00000, 0x0000000712a00000| Untracked 
| 177|0x0000000712b00000, 0x0000000712b00000, 0x0000000712c00000|  0%| F|  |TAMS 0x0000000712b00000, 0x0000000712b00000| Untracked 
| 178|0x0000000712c00000, 0x0000000712c00000, 0x0000000712d00000|  0%| F|  |TAMS 0x0000000712c00000, 0x0000000712c00000| Untracked 
| 179|0x0000000712d00000, 0x0000000712d00000, 0x0000000712e00000|  0%| F|  |TAMS 0x0000000712d00000, 0x0000000712d00000| Untracked 
| 180|0x0000000712e00000, 0x0000000712e00000, 0x0000000712f00000|  0%| F|  |TAMS 0x0000000712e00000, 0x0000000712e00000| Untracked 
| 181|0x0000000712f00000, 0x0000000712f00000, 0x0000000713000000|  0%| F|  |TAMS 0x0000000712f00000, 0x0000000712f00000| Untracked 
| 182|0x0000000713000000, 0x0000000713000000, 0x0000000713100000|  0%| F|  |TAMS 0x0000000713000000, 0x0000000713000000| Untracked 
| 183|0x0000000713100000, 0x0000000713100000, 0x0000000713200000|  0%| F|  |TAMS 0x0000000713100000, 0x0000000713100000| Untracked 
| 184|0x0000000713200000, 0x0000000713200000, 0x0000000713300000|  0%| F|  |TAMS 0x0000000713200000, 0x0000000713200000| Untracked 
| 185|0x0000000713300000, 0x0000000713300000, 0x0000000713400000|  0%| F|  |TAMS 0x0000000713300000, 0x0000000713300000| Untracked 
| 186|0x0000000713400000, 0x0000000713400000, 0x0000000713500000|  0%| F|  |TAMS 0x0000000713400000, 0x0000000713400000| Untracked 
| 187|0x0000000713500000, 0x0000000713500000, 0x0000000713600000|  0%| F|  |TAMS 0x0000000713500000, 0x0000000713500000| Untracked 
| 188|0x0000000713600000, 0x0000000713600000, 0x0000000713700000|  0%| F|  |TAMS 0x0000000713600000, 0x0000000713600000| Untracked 
| 189|0x0000000713700000, 0x0000000713700000, 0x0000000713800000|  0%| F|  |TAMS 0x0000000713700000, 0x0000000713700000| Untracked 
| 190|0x0000000713800000, 0x0000000713800000, 0x0000000713900000|  0%| F|  |TAMS 0x0000000713800000, 0x0000000713800000| Untracked 
| 191|0x0000000713900000, 0x0000000713900000, 0x0000000713a00000|  0%| F|  |TAMS 0x0000000713900000, 0x0000000713900000| Untracked 
| 192|0x0000000713a00000, 0x0000000713a00000, 0x0000000713b00000|  0%| F|  |TAMS 0x0000000713a00000, 0x0000000713a00000| Untracked 
| 193|0x0000000713b00000, 0x0000000713b00000, 0x0000000713c00000|  0%| F|  |TAMS 0x0000000713b00000, 0x0000000713b00000| Untracked 
| 194|0x0000000713c00000, 0x0000000713c00000, 0x0000000713d00000|  0%| F|  |TAMS 0x0000000713c00000, 0x0000000713c00000| Untracked 
| 195|0x0000000713d00000, 0x0000000713d00000, 0x0000000713e00000|  0%| F|  |TAMS 0x0000000713d00000, 0x0000000713d00000| Untracked 
| 196|0x0000000713e00000, 0x0000000713e00000, 0x0000000713f00000|  0%| F|  |TAMS 0x0000000713e00000, 0x0000000713e00000| Untracked 
| 197|0x0000000713f00000, 0x0000000713f00000, 0x0000000714000000|  0%| F|  |TAMS 0x0000000713f00000, 0x0000000713f00000| Untracked 
| 198|0x0000000714000000, 0x0000000714000000, 0x0000000714100000|  0%| F|  |TAMS 0x0000000714000000, 0x0000000714000000| Untracked 
| 199|0x0000000714100000, 0x0000000714100000, 0x0000000714200000|  0%| F|  |TAMS 0x0000000714100000, 0x0000000714100000| Untracked 
| 200|0x0000000714200000, 0x0000000714200000, 0x0000000714300000|  0%| F|  |TAMS 0x0000000714200000, 0x0000000714200000| Untracked 
| 201|0x0000000714300000, 0x0000000714300000, 0x0000000714400000|  0%| F|  |TAMS 0x0000000714300000, 0x0000000714300000| Untracked 
| 202|0x0000000714400000, 0x0000000714400000, 0x0000000714500000|  0%| F|  |TAMS 0x0000000714400000, 0x0000000714400000| Untracked 
| 203|0x0000000714500000, 0x0000000714500000, 0x0000000714600000|  0%| F|  |TAMS 0x0000000714500000, 0x0000000714500000| Untracked 
| 204|0x0000000714600000, 0x0000000714600000, 0x0000000714700000|  0%| F|  |TAMS 0x0000000714600000, 0x0000000714600000| Untracked 
| 205|0x0000000714700000, 0x0000000714700000, 0x0000000714800000|  0%| F|  |TAMS 0x0000000714700000, 0x0000000714700000| Untracked 
| 206|0x0000000714800000, 0x0000000714800000, 0x0000000714900000|  0%| F|  |TAMS 0x0000000714800000, 0x0000000714800000| Untracked 
| 207|0x0000000714900000, 0x0000000714900000, 0x0000000714a00000|  0%| F|  |TAMS 0x0000000714900000, 0x0000000714900000| Untracked 
| 208|0x0000000714a00000, 0x0000000714a00000, 0x0000000714b00000|  0%| F|  |TAMS 0x0000000714a00000, 0x0000000714a00000| Untracked 
| 209|0x0000000714b00000, 0x0000000714b00000, 0x0000000714c00000|  0%| F|  |TAMS 0x0000000714b00000, 0x0000000714b00000| Untracked 
| 210|0x0000000714c00000, 0x0000000714c00000, 0x0000000714d00000|  0%| F|  |TAMS 0x0000000714c00000, 0x0000000714c00000| Untracked 
| 211|0x0000000714d00000, 0x0000000714d00000, 0x0000000714e00000|  0%| F|  |TAMS 0x0000000714d00000, 0x0000000714d00000| Untracked 
| 212|0x0000000714e00000, 0x0000000714e80800, 0x0000000714f00000| 50%| E|  |TAMS 0x0000000714e00000, 0x0000000714e00000| Complete 
| 213|0x0000000714f00000, 0x0000000715000000, 0x0000000715000000|100%| E|CS|TAMS 0x0000000714f00000, 0x0000000714f00000| Complete 
| 214|0x0000000715000000, 0x0000000715100000, 0x0000000715100000|100%| E|CS|TAMS 0x0000000715000000, 0x0000000715000000| Complete 
| 215|0x0000000715100000, 0x0000000715200000, 0x0000000715200000|100%| E|CS|TAMS 0x0000000715100000, 0x0000000715100000| Complete 
| 216|0x0000000715200000, 0x0000000715300000, 0x0000000715300000|100%| E|CS|TAMS 0x0000000715200000, 0x0000000715200000| Complete 
| 217|0x0000000715300000, 0x0000000715400000, 0x0000000715400000|100%| E|CS|TAMS 0x0000000715300000, 0x0000000715300000| Complete 
| 218|0x0000000715400000, 0x0000000715500000, 0x0000000715500000|100%| E|CS|TAMS 0x0000000715400000, 0x0000000715400000| Complete 
| 219|0x0000000715500000, 0x0000000715600000, 0x0000000715600000|100%| E|CS|TAMS 0x0000000715500000, 0x0000000715500000| Complete 
| 220|0x0000000715600000, 0x0000000715700000, 0x0000000715700000|100%| E|CS|TAMS 0x0000000715600000, 0x0000000715600000| Complete 
| 221|0x0000000715700000, 0x0000000715800000, 0x0000000715800000|100%| E|CS|TAMS 0x0000000715700000, 0x0000000715700000| Complete 
| 222|0x0000000715800000, 0x0000000715900000, 0x0000000715900000|100%| E|CS|TAMS 0x0000000715800000, 0x0000000715800000| Complete 
| 223|0x0000000715900000, 0x00000007159104b0, 0x0000000715a00000|  6%| S|CS|TAMS 0x0000000715900000, 0x0000000715900000| Complete 
| 224|0x0000000715a00000, 0x0000000715b00000, 0x0000000715b00000|100%| S|CS|TAMS 0x0000000715a00000, 0x0000000715a00000| Complete 
| 225|0x0000000715b00000, 0x0000000715c00000, 0x0000000715c00000|100%| S|CS|TAMS 0x0000000715b00000, 0x0000000715b00000| Complete 
| 226|0x0000000715c00000, 0x0000000715d00000, 0x0000000715d00000|100%| E|CS|TAMS 0x0000000715c00000, 0x0000000715c00000| Complete 
| 227|0x0000000715d00000, 0x0000000715e00000, 0x0000000715e00000|100%| E|CS|TAMS 0x0000000715d00000, 0x0000000715d00000| Complete 
| 228|0x0000000715e00000, 0x0000000715f00000, 0x0000000715f00000|100%| E|CS|TAMS 0x0000000715e00000, 0x0000000715e00000| Complete 
| 229|0x0000000715f00000, 0x0000000716000000, 0x0000000716000000|100%| E|CS|TAMS 0x0000000715f00000, 0x0000000715f00000| Complete 
| 230|0x0000000716000000, 0x0000000716100000, 0x0000000716100000|100%| E|CS|TAMS 0x0000000716000000, 0x0000000716000000| Complete 
| 231|0x0000000716100000, 0x0000000716200000, 0x0000000716200000|100%| E|CS|TAMS 0x0000000716100000, 0x0000000716100000| Complete 
| 232|0x0000000716200000, 0x0000000716300000, 0x0000000716300000|100%| E|CS|TAMS 0x0000000716200000, 0x0000000716200000| Complete 
| 233|0x0000000716300000, 0x0000000716400000, 0x0000000716400000|100%| E|CS|TAMS 0x0000000716300000, 0x0000000716300000| Complete 
| 234|0x0000000716400000, 0x0000000716500000, 0x0000000716500000|100%| E|CS|TAMS 0x0000000716400000, 0x0000000716400000| Complete 
| 235|0x0000000716500000, 0x0000000716600000, 0x0000000716600000|100%| E|CS|TAMS 0x0000000716500000, 0x0000000716500000| Complete 
| 236|0x0000000716600000, 0x0000000716700000, 0x0000000716700000|100%| E|CS|TAMS 0x0000000716600000, 0x0000000716600000| Complete 
| 237|0x0000000716700000, 0x0000000716800000, 0x0000000716800000|100%| E|CS|TAMS 0x0000000716700000, 0x0000000716700000| Complete 
| 238|0x0000000716800000, 0x0000000716900000, 0x0000000716900000|100%| E|CS|TAMS 0x0000000716800000, 0x0000000716800000| Complete 
| 239|0x0000000716900000, 0x0000000716a00000, 0x0000000716a00000|100%| E|CS|TAMS 0x0000000716900000, 0x0000000716900000| Complete 
| 240|0x0000000716a00000, 0x0000000716b00000, 0x0000000716b00000|100%| E|CS|TAMS 0x0000000716a00000, 0x0000000716a00000| Complete 
| 241|0x0000000716b00000, 0x0000000716c00000, 0x0000000716c00000|100%| E|CS|TAMS 0x0000000716b00000, 0x0000000716b00000| Complete 
| 242|0x0000000716c00000, 0x0000000716d00000, 0x0000000716d00000|100%| E|CS|TAMS 0x0000000716c00000, 0x0000000716c00000| Complete 
| 243|0x0000000716d00000, 0x0000000716e00000, 0x0000000716e00000|100%| E|CS|TAMS 0x0000000716d00000, 0x0000000716d00000| Complete 
| 244|0x0000000716e00000, 0x0000000716f00000, 0x0000000716f00000|100%| E|CS|TAMS 0x0000000716e00000, 0x0000000716e00000| Complete 
| 245|0x0000000716f00000, 0x0000000717000000, 0x0000000717000000|100%| E|CS|TAMS 0x0000000716f00000, 0x0000000716f00000| Complete 
| 246|0x0000000717000000, 0x0000000717100000, 0x0000000717100000|100%| E|CS|TAMS 0x0000000717000000, 0x0000000717000000| Complete 
| 247|0x0000000717100000, 0x0000000717200000, 0x0000000717200000|100%| E|CS|TAMS 0x0000000717100000, 0x0000000717100000| Complete 
| 248|0x0000000717200000, 0x0000000717300000, 0x0000000717300000|100%| E|CS|TAMS 0x0000000717200000, 0x0000000717200000| Complete 
| 249|0x0000000717300000, 0x0000000717400000, 0x0000000717400000|100%| E|CS|TAMS 0x0000000717300000, 0x0000000717300000| Complete 
|2948|0x00000007bfe00000, 0x00000007bfe47000, 0x00000007bff00000| 27%|OA|  |TAMS 0x00000007bfe00000, 0x00000007bfe00000| Untracked 
|2949|0x00000007bff00000, 0x00000007bff6a000, 0x00000007c0000000| 41%|CA|  |TAMS 0x00000007bff00000, 0x00000007bff00000| Untracked 

Card table byte_map: [0x00007f49a55f5000,0x00007f49a5db8000] _byte_map_base: 0x00007f49a1db8000

Marking Bits (Prev, Next): (CMBitMap*) 0x00007f49a007b248, (CMBitMap*) 0x00007f49a007b280
 Prev Bits: [0x00007f49801e8000, 0x00007f4984000000)
 Next Bits: [0x00007f497c3d0000, 0x00007f49801e8000)

Polling page: 0x00007f49a88dd000

Metaspace:

Usage:
  Non-class:     10.39 MB capacity,    10.17 MB ( 98%) used,   193.42 KB (  2%) free+waste,    28.75 KB ( <1%) overhead. 
      Class:      1.27 MB capacity,     1.14 MB ( 90%) used,   113.31 KB (  9%) free+waste,    14.06 KB (  1%) overhead. 
       Both:     11.66 MB capacity,    11.32 MB ( 97%) used,   306.73 KB (  3%) free+waste,    42.81 KB ( <1%) overhead. 

Virtual space:
  Non-class space:       12.00 MB reserved,      10.50 MB ( 88%) committed 
      Class space:        1.00 GB reserved,       1.38 MB ( <1%) committed 
             Both:        1.01 GB reserved,      11.88 MB (  1%) committed 

Chunk freelists:
   Non-Class:  89.00 KB
       Class:  13.00 KB
        Both:  102.00 KB

MaxMetaspaceSize: unlimited
CompressedClassSpaceSize: 1.00 GB

CodeHeap 'non-profiled nmethods': size=120032Kb used=853Kb max_used=853Kb free=119178Kb
 bounds [0x00007f49903ca000, 0x00007f499063a000, 0x00007f4997902000]
CodeHeap 'profiled nmethods': size=120028Kb used=2971Kb max_used=2971Kb free=117056Kb
 bounds [0x00007f4988e93000, 0x00007f4989183000, 0x00007f49903ca000]
CodeHeap 'non-nmethods': size=5700Kb used=1248Kb max_used=1274Kb free=4451Kb
 bounds [0x00007f4988902000, 0x00007f4988b72000, 0x00007f4988e93000]
 total_blobs=2259 nmethods=1602 adapters=570
 compilation: enabled
              stopped_count=0, restarted_count=0
 full_count=0

Compilation events (20 events):
Event: 2213.532 Thread 0x00007f49a023f800 1593       4       org.eclipse.jetty.util.thread.QueuedThreadPool::access$600 (5 bytes)
Event: 2213.535 Thread 0x00007f49a023f800 nmethod 1593 0x00007f499049ce90 code [0x00007f499049d040, 0x00007f499049d128]
Event: 2534.259 Thread 0x00007f49a023f800 1594       4       jdk.internal.logger.LazyLoggers$LazyLoggerWrapper::platformProxy (10 bytes)
Event: 2534.261 Thread 0x00007f49a023f800 nmethod 1594 0x00007f499049d290 code [0x00007f499049d420, 0x00007f499049d4d8]
Event: 2581.583 Thread 0x00007f49a0241800 1595       3       java.lang.ref.ReferenceQueue::reallyPoll (65 bytes)
Event: 2581.584 Thread 0x00007f49a0241800 nmethod 1595 0x00007f4989170290 code [0x00007f4989170480, 0x00007f49891709d0]
Event: 2588.332 Thread 0x00007f49a023f800 1596       4       jdk.internal.logger.SimpleConsoleLogger::isLoggable (29 bytes)
Event: 2588.335 Thread 0x00007f49a023f800 nmethod 1596 0x00007f499049d610 code [0x00007f499049d7c0, 0x00007f499049d8b8]
Event: 2636.897 Thread 0x00007f49a023f800 1597       4       jdk.internal.logger.AbstractLoggerWrapper::isLoggable (26 bytes)
Event: 2636.902 Thread 0x00007f49a023f800 nmethod 1597 0x00007f499049da10 code [0x00007f499049dbc0, 0x00007f499049dd18]
Event: 2670.942 Thread 0x00007f49a023f800 1598   !   4       sun.awt.X11.XToolkit::callTimeoutTasks (220 bytes)
Event: 2670.947 Thread 0x00007f49a023f800 nmethod 1598 0x00007f499049df10 code [0x00007f499049e0c0, 0x00007f499049e218]
Event: 2675.949 Thread 0x00007f49a023f800 1599   !   4       sun.awt.X11.XToolkit::getNextTaskTime (55 bytes)
Event: 2675.957 Thread 0x00007f49a023f800 nmethod 1599 0x00007f499049e490 code [0x00007f499049e680, 0x00007f499049eb50]
Event: 2974.846 Thread 0x00007f49a023f800 1600       4       sun.awt.SunToolkit::awtUnlock (7 bytes)
Event: 2974.852 Thread 0x00007f49a023f800 nmethod 1600 0x00007f499049ee90 code [0x00007f499049f060, 0x00007f499049f2e8]
Event: 7179.109 Thread 0x00007f49a0241800 1601 % !   3       org.eclipse.jetty.util.thread.QueuedThreadPool$3::run @ 28 (466 bytes)
Event: 7179.116 Thread 0x00007f49a0241800 nmethod 1601% 0x00007f4989170b10 code [0x00007f4989170fa0, 0x00007f4989173d70]
Event: 7303.410 Thread 0x00007f49a0241800 1602 % !   3       org.eclipse.jetty.util.thread.QueuedThreadPool$3::run @ 80 (466 bytes)
Event: 7303.417 Thread 0x00007f49a0241800 nmethod 1602% 0x00007f4989175590 code [0x00007f4989175a20, 0x00007f49891787f0]

GC Heap History (2 events):
Event: 1.563 GC heap before
{Heap before GC invocations=0 (full 0):
 garbage-first heap   total 258048K, used 27332K [0x0000000707a00000, 0x0000000800000000)
  region size 1024K, 24 young (24576K), 0 survivors (0K)
 Metaspace       used 6059K, capacity 7037K, committed 7296K, reserved 1056768K
  class space    used 677K, capacity 794K, committed 896K, reserved 1048576K
}
Event: 1.572 GC heap after
{Heap after GC invocations=1 (full 0):
 garbage-first heap   total 258048K, used 3845K [0x0000000707a00000, 0x0000000800000000)
  region size 1024K, 3 young (3072K), 3 survivors (3072K)
 Metaspace       used 6059K, capacity 7037K, committed 7296K, reserved 1056768K
  class space    used 677K, capacity 794K, committed 896K, reserved 1048576K
}

Deoptimization events (20 events):
Event: 6.372 Thread 0x00007f49a0387800 DEOPT PACKING pc=0x00007f49890efe42 sp=0x00007f493bcf8920
Event: 6.372 Thread 0x00007f49a0387800 DEOPT UNPACKING pc=0x00007f49889286ba sp=0x00007f493bcf7de0 mode 0
Event: 6.372 Thread 0x00007f49a0387800 DEOPT PACKING pc=0x00007f49890efe42 sp=0x00007f493bcf8920
Event: 6.372 Thread 0x00007f49a0387800 DEOPT UNPACKING pc=0x00007f49889286ba sp=0x00007f493bcf7de0 mode 0
Event: 6.372 Thread 0x00007f49a0387800 DEOPT PACKING pc=0x00007f49890efe42 sp=0x00007f493bcf8920
Event: 6.372 Thread 0x00007f49a0387800 DEOPT UNPACKING pc=0x00007f49889286ba sp=0x00007f493bcf7de0 mode 0
Event: 6.373 Thread 0x00007f49a0387800 DEOPT PACKING pc=0x00007f49890efe42 sp=0x00007f493bcf8920
Event: 6.373 Thread 0x00007f49a0387800 DEOPT UNPACKING pc=0x00007f49889286ba sp=0x00007f493bcf7de0 mode 0
Event: 6.373 Thread 0x00007f49a0387800 DEOPT PACKING pc=0x00007f49890efe42 sp=0x00007f493bcf8920
Event: 6.373 Thread 0x00007f49a0387800 DEOPT UNPACKING pc=0x00007f49889286ba sp=0x00007f493bcf7de0 mode 0
Event: 6.373 Thread 0x00007f49a0387800 DEOPT PACKING pc=0x00007f49890efe42 sp=0x00007f493bcf8920
Event: 6.373 Thread 0x00007f49a0387800 DEOPT UNPACKING pc=0x00007f49889286ba sp=0x00007f493bcf7de0 mode 0
Event: 6.373 Thread 0x00007f49a0387800 DEOPT PACKING pc=0x00007f49890efe42 sp=0x00007f493bcf8920
Event: 6.373 Thread 0x00007f49a0387800 DEOPT UNPACKING pc=0x00007f49889286ba sp=0x00007f493bcf7de0 mode 0
Event: 6.374 Thread 0x00007f49a0387800 DEOPT PACKING pc=0x00007f49890efe42 sp=0x00007f493bcf8920
Event: 6.374 Thread 0x00007f49a0387800 DEOPT UNPACKING pc=0x00007f49889286ba sp=0x00007f493bcf7de0 mode 0
Event: 6.424 Thread 0x00007f49a0387800 Uncommon trap: trap_request=0xffffff4d fr.pc=0x00007f499047b804 relative=0x00000000000010a4
Event: 6.424 Thread 0x00007f49a0387800 Uncommon trap: reason=unstable_if action=reinterpret pc=0x00007f499047b804 method=com.sun.imageio.plugins.png.PNGImageWriter.encodePass(Ljavax/imageio/stream/ImageOutputStream;Ljava/awt/image/RenderedImage;IIII)V @ 303 c2
Event: 6.424 Thread 0x00007f49a0387800 DEOPT PACKING pc=0x00007f499047b804 sp=0x00007f493bcf8a80
Event: 6.424 Thread 0x00007f49a0387800 DEOPT UNPACKING pc=0x00007f49889288a5 sp=0x00007f493bcf8a18 mode 2

Classes redefined (0 events):
No events

Internal exceptions (16 events):
Event: 0.210 Thread 0x00007f49a0015800 Exception <a 'java/lang/NoSuchMethodError'{0x0000000716fccde0}: 'int java.lang.invoke.DirectMethodHandle$Holder.invokeSpecialIFC(java.lang.Object, java.lang.Object, int)'> (0x0000000716fccde0) thrown at [src/hotspot/share/interpreter/linkResolver.cpp, line 772]
Event: 1.106 Thread 0x00007f49a0391800 Exception <a 'java/lang/NoSuchMethodError'{0x000000071660b7c0}: 'java.lang.Object java.lang.invoke.DirectMethodHandle$Holder.invokeStatic(java.lang.Object, java.lang.Object, java.lang.Object, java.lang.Object, java.lang.Object, java.lang.Object, java.lang.Object, java.lang.Object, java.lang.Object, java.lang.Object, java.lang.Object, java.lang.Object, java.lang.Object, java.lang.Object, java.lang.Object)'> (0x000000071660b7c0) thrown at [src/hotspot/share/interpreter/linkResolver.cpp, line 772]
Event: 1.108 Thread 0x00007f49a0391800 Exception <a 'java/lang/NoSuchMethodError'{0x0000000716619520}: 'java.lang.Object java.lang.invoke.DirectMethodHandle$Holder.invokeStatic(java.lang.Object, java.lang.Object, java.lang.Object, java.lang.Object, java.lang.Object, java.lang.Object, java.lang.Object, java.lang.Object, java.lang.Object, java.lang.Object, java.lang.Object, java.lang.Object, java.lang.Object, java.lang.Object, java.lang.Object, java.lang.Object)'> (0x0000000716619520) thrown at [src/hotspot/share/interpreter/linkResolver.cpp, lin
Event: 1.110 Thread 0x00007f49a0391800 Exception <a 'java/lang/NoSuchMethodError'{0x0000000716628620}: 'java.lang.Object java.lang.invoke.DirectMethodHandle$Holder.invokeSpecial(java.lang.Object, java.lang.Object, int, int, java.lang.Object, java.lang.Object, java.lang.Object)'> (0x0000000716628620) thrown at [src/hotspot/share/interpreter/linkResolver.cpp, line 772]
Event: 1.110 Thread 0x00007f49a0391800 Exception <a 'java/lang/NoSuchMethodError'{0x000000071662bbb0}: 'java.lang.Object java.lang.invoke.DelegatingMethodHandle$Holder.reinvoke_L(java.lang.Object, int, int, java.lang.Object, java.lang.Object, java.lang.Object)'> (0x000000071662bbb0) thrown at [src/hotspot/share/interpreter/linkResolver.cpp, line 772]
Event: 1.111 Thread 0x00007f49a0391800 Exception <a 'java/lang/NoSuchMethodError'{0x000000071662ffb8}: 'java.lang.Object java.lang.invoke.DirectMethodHandle$Holder.invokeStatic(java.lang.Object, java.lang.Object, java.lang.Object, java.lang.Object, int)'> (0x000000071662ffb8) thrown at [src/hotspot/share/interpreter/linkResolver.cpp, line 772]
Event: 1.782 Thread 0x00007f49a0391800 Exception <a 'java/lang/ClassNotFoundException'{0x0000000716e11c58}: sun/awt/resources/spi/awtProvider> (0x0000000716e11c58) thrown at [src/hotspot/share/classfile/systemDictionary.cpp, line 231]
Event: 1.792 Thread 0x00007f49a0391800 Exception <a 'java/io/FileNotFoundException'{0x0000000716e78fb8}> (0x0000000716e78fb8) thrown at [src/hotspot/share/prims/jni.cpp, line 615]
Event: 1.877 Thread 0x00007f49a0391800 Exception <a 'java/lang/NoSuchMethodError'{0x0000000716d7e420}: 'java.lang.Object java.lang.invoke.DirectMethodHandle$Holder.invokeStatic(java.lang.Object, java.lang.Object, java.lang.Object, java.lang.Object, java.lang.Object, java.lang.Object, java.lang.Object, java.lang.Object, int)'> (0x0000000716d7e420) thrown at [src/hotspot/share/interpreter/linkResolver.cpp, line 772]
Event: 1.879 Thread 0x00007f49a0391800 Exception <a 'java/lang/NoSuchMethodError'{0x0000000716c186d8}: 'java.lang.Object java.lang.invoke.DirectMethodHandle$Holder.invokeStatic(java.lang.Object, java.lang.Object, java.lang.Object, java.lang.Object, java.lang.Object, java.lang.Object, java.lang.Object, java.lang.Object, int, int)'> (0x0000000716c186d8) thrown at [src/hotspot/share/interpreter/linkResolver.cpp, line 772]
Event: 1.881 Thread 0x00007f49a0391800 Exception <a 'java/lang/NoSuchMethodError'{0x0000000716c24ca0}: 'void java.lang.invoke.DirectMethodHandle$Holder.invokeSpecial(java.lang.Object, java.lang.Object)'> (0x0000000716c24ca0) thrown at [src/hotspot/share/interpreter/linkResolver.cpp, line 772]
Event: 1.938 Thread 0x00007f49a0391800 Exception <a 'java/lang/NoSuchMethodError'{0x0000000716be49f0}: 'java.lang.Object java.lang.invoke.DirectMethodHandle$Holder.invokeStatic(java.lang.Object, java.lang.Object, java.lang.Object, java.lang.Object, java.lang.Object, java.lang.Object, java.lang.Object, java.lang.Object, java.lang.Object, java.lang.Object, java.lang.Object, java.lang.Object, java.lang.Object, int)'> (0x0000000716be49f0) thrown at [src/hotspot/share/interpreter/linkResolver.cpp, line 772]
Event: 1.939 Thread 0x00007f49a0391800 Exception <a 'java/lang/NoSuchMethodError'{0x0000000716bf1690}: 'java.lang.Object java.lang.invoke.DirectMethodHandle$Holder.invokeStatic(java.lang.Object, java.lang.Object, java.lang.Object, java.lang.Object, java.lang.Object, java.lang.Object, java.lang.Object, java.lang.Object, java.lang.Object, java.lang.Object, java.lang.Object, java.lang.Object, java.lang.Object, int, int)'> (0x0000000716bf1690) thrown at [src/hotspot/share/interpreter/linkResolver.cpp, line 772]
Event: 2.648 Thread 0x00007f49a0391800 Implicit null exception at 0x00007f4990446910 to 0x00007f4990446995
Event: 6.425 Thread 0x00007f49a0387800 Exception <a 'java/lang/reflect/InvocationTargetException'{0x0000000714f13828}> (0x0000000714f13828) thrown at [src/hotspot/share/runtime/reflection.cpp, line 1245]
Event: 6.425 Thread 0x00007f49a0387800 Exception <a 'java/lang/reflect/InvocationTargetException'{0x0000000714f148e8}> (0x0000000714f148e8) thrown at [src/hotspot/share/runtime/reflection.cpp, line 1245]

Events (20 events):
Event: 6.428 loading class org/apache/commons/lang/NullArgumentException done
Event: 6.428 loading class java/lang/Throwable$WrappedPrintWriter
Event: 6.428 loading class java/lang/Throwable$PrintStreamOrWriter
Event: 6.428 loading class java/lang/Throwable$PrintStreamOrWriter done
Event: 6.428 loading class java/lang/Throwable$WrappedPrintWriter done
Event: 6.429 loading class org/apache/commons/lang/StringUtils
Event: 6.429 loading class org/apache/commons/lang/StringUtils done
Event: 6.431 loading class org/robotframework/remoteserver/xmlrpc/MapSerializer
Event: 6.431 loading class org/robotframework/remoteserver/xmlrpc/MapSerializer done
Event: 6.432 Thread 0x00007f494c0bc000 Thread added: 0x00007f494c0bc000
Event: 6.432 Protecting memory [0x00007f497407f000,0x00007f4974083000] with protection modes 0
Event: 6.435 Executing VM operation: RevokeBias
Event: 6.435 Executing VM operation: RevokeBias done
Event: 7.480 Thread 0x00007f494c0bc000 Thread exited: 0x00007f494c0bc000
Event: 7.880 Loaded shared library /usr/lib/jvm/java-11-openjdk-amd64/lib/server/libjvm.so
Event: 12.689 Loaded shared library /usr/lib/jvm/java-11-openjdk-amd64/lib/server/libjvm.so
Event: 37.536 Loaded shared library /usr/lib/jvm/java-11-openjdk-amd64/lib/libnio.so
Event: 46.399 Loaded shared library /usr/lib/jvm/java-11-openjdk-amd64/lib/libawt_xawt.so
Event: 112.488 Loaded shared library /usr/lib/jvm/java-11-openjdk-amd64/lib/libawt_xawt.so
Event: 7370.898 loading class jdk/internal/misc/Signal$1


Dynamic libraries:
707a00000-717400000 rw-p 00000000 00:00 0 
717400000-7bfe00000 ---p 00000000 00:00 0 
7bfe00000-7bfe47000 rw-p 0110e000 08:02 11010507                         /usr/lib/jvm/java-11-openjdk-amd64/lib/server/classes.jsa
7bfe47000-7bff00000 rw-p 00000000 00:00 0 
7bff00000-7bff6a000 rw-p 010a4000 08:02 11010507                         /usr/lib/jvm/java-11-openjdk-amd64/lib/server/classes.jsa
7bff6a000-7c0000000 rw-p 00000000 00:00 0 
7c0000000-800000000 ---p 00000000 00:00 0 
800000000-800002000 rwxp 00001000 08:02 11010507                         /usr/lib/jvm/java-11-openjdk-amd64/lib/server/classes.jsa
800002000-8003b9000 rw-p 00003000 08:02 11010507                         /usr/lib/jvm/java-11-openjdk-amd64/lib/server/classes.jsa
8003b9000-800a95000 r--p 003ba000 08:02 11010507                         /usr/lib/jvm/java-11-openjdk-amd64/lib/server/classes.jsa
800a95000-800a96000 rw-p 00a96000 08:02 11010507                         /usr/lib/jvm/java-11-openjdk-amd64/lib/server/classes.jsa
800a96000-8010a3000 r--p 00a97000 08:02 11010507                         /usr/lib/jvm/java-11-openjdk-amd64/lib/server/classes.jsa
840000000-840160000 rw-p 00000000 00:00 0 
840160000-880000000 ---p 00000000 00:00 0 
55eed0038000-55eed0039000 r--p 00000000 08:02 11010067                   /usr/lib/jvm/java-11-openjdk-amd64/bin/java
55eed0039000-55eed003a000 r-xp 00001000 08:02 11010067                   /usr/lib/jvm/java-11-openjdk-amd64/bin/java
55eed003a000-55eed003b000 r--p 00002000 08:02 11010067                   /usr/lib/jvm/java-11-openjdk-amd64/bin/java
55eed003b000-55eed003c000 r--p 00002000 08:02 11010067                   /usr/lib/jvm/java-11-openjdk-amd64/bin/java
55eed003c000-55eed003d000 rw-p 00003000 08:02 11010067                   /usr/lib/jvm/java-11-openjdk-amd64/bin/java
55eed0b1c000-55eed0b3d000 rw-p 00000000 00:00 0                          [heap]
7f48c9ec7000-7f48c9f27000 rw-s 00000000 00:01 41                         /SYSV00000000 (deleted)
7f48ca316000-7f48ca396000 rw-p 00000000 00:00 0 
7f48ca396000-7f48ca516000 ---p 00000000 00:00 0 
7f48ca516000-7f48ca518000 r--p 00000000 08:02 10755525                   /usr/lib/x86_64-linux-gnu/libcrypt.so.1.1.0
7f48ca518000-7f48ca52d000 r-xp 00002000 08:02 10755525                   /usr/lib/x86_64-linux-gnu/libcrypt.s